{
  "0 debug pnpm:scope": {
    "selected": 1
  },
  "1 debug pnpm:package-manifest": {
    "initial": {
      "name": "weather-app-cra",
      "version": "0.1.0",
      "private": true,
      "dependencies": {
        "@babel/core": "7.12.3",
        "@craco/craco": "^6.3.0",
        "@pmmmwh/react-refresh-webpack-plugin": "0.4.3",
        "@svgr/webpack": "5.5.0",
        "@tailwindcss/forms": "^0.3.4",
        "@testing-library/jest-dom": "^5.14.1",
        "@testing-library/react": "^11.2.7",
        "@testing-library/user-event": "^12.8.3",
        "@typescript-eslint/eslint-plugin": "^4.5.0",
        "@typescript-eslint/parser": "^4.5.0",
        "axios": "^0.22.0",
        "babel-eslint": "^10.1.0",
        "babel-jest": "^26.6.0",
        "babel-loader": "8.1.0",
        "babel-plugin-named-asset-import": "^0.3.7",
        "babel-preset-react-app": "^10.0.0",
        "bfj": "^7.0.2",
        "camelcase": "^6.1.0",
        "case-sensitive-paths-webpack-plugin": "2.3.0",
        "chroma-js": "^2.1.2",
        "colorjs.io": "^0.0.3",
        "css-loader": "4.3.0",
        "dotenv": "8.2.0",
        "dotenv-expand": "5.1.0",
        "eslint": "^7.11.0",
        "eslint-config-react-app": "^6.0.0",
        "eslint-plugin-flowtype": "^5.2.0",
        "eslint-plugin-import": "^2.22.1",
        "eslint-plugin-jest": "^24.1.0",
        "eslint-plugin-jsx-a11y": "^6.3.1",
        "eslint-plugin-react": "^7.21.5",
        "eslint-plugin-react-hooks": "^4.2.0",
        "eslint-plugin-testing-library": "^3.9.2",
        "eslint-webpack-plugin": "^2.5.2",
        "file-loader": "6.1.1",
        "framer-motion": "^4.1.17",
        "fs-extra": "^9.0.1",
        "html-webpack-plugin": "4.5.0",
        "identity-obj-proxy": "3.0.0",
        "jest": "26.6.0",
        "jest-circus": "26.6.0",
        "jest-resolve": "26.6.0",
        "jest-watch-typeahead": "0.6.1",
        "leaflet": "^1.7.1",
        "mini-css-extract-plugin": "0.11.3",
        "moment": "^2.29.1",
        "optimize-css-assets-webpack-plugin": "5.0.4",
        "pnp-webpack-plugin": "1.6.4",
        "postcss-flexbugs-fixes": "4.2.1",
        "postcss-loader": "3.0.0",
        "postcss-normalize": "8.0.1",
        "postcss-preset-env": "6.7.0",
        "postcss-safe-parser": "5.0.2",
        "prompts": "2.4.0",
        "react": "^17.0.2",
        "react-app-polyfill": "^2.0.0",
        "react-dev-utils": "^11.0.3",
        "react-dom": "^17.0.2",
        "react-leaflet": "^3.2.1",
        "react-leaflet-markercluster": "^3.0.0-rc1",
        "react-refresh": "^0.8.3",
        "resolve": "1.18.1",
        "resolve-url-loader": "^3.1.2",
        "sass-loader": "^10.0.5",
        "semver": "7.3.2",
        "style-loader": "1.3.0",
        "sunrise-sunset-js": "^2.2.1",
        "terser-webpack-plugin": "4.2.3",
        "ts-pnp": "1.2.0",
        "url-loader": "4.1.1",
        "web-vitals": "^1.1.2",
        "webpack": "4.44.2",
        "webpack-dev-server": "3.11.1",
        "webpack-manifest-plugin": "2.2.0",
        "workbox-webpack-plugin": "5.1.4"
      },
      "scripts": {
        "start": "craco start",
        "build": "craco build",
        "test": "craco test"
      },
      "eslintConfig": {
        "extends": [
          "react-app",
          "react-app/jest"
        ]
      },
      "browserslist": [
        ">0.2%",
        "not dead",
        "not op_mini all"
      ],
      "devDependencies": {
        "@babel/plugin-proposal-nullish-coalescing-operator": "^7.14.5",
        "@babel/preset-react": "^7.14.5",
        "autoprefixer": "^9.8.8",
        "postcss": "^7.0.39",
        "tailwindcss": "npm:@tailwindcss/postcss7-compat@^2.2.16"
      },
      "jest": {
        "roots": [
          "<rootDir>/src"
        ],
        "collectCoverageFrom": [
          "src/**/*.{js,jsx,ts,tsx}",
          "!src/**/*.d.ts"
        ],
        "setupFiles": [
          "react-app-polyfill/jsdom"
        ],
        "setupFilesAfterEnv": [
          "<rootDir>/src/setupTests.js"
        ],
        "testMatch": [
          "<rootDir>/src/**/__tests__/**/*.{js,jsx,ts,tsx}",
          "<rootDir>/src/**/*.{spec,test}.{js,jsx,ts,tsx}"
        ],
        "testEnvironment": "jsdom",
        "testRunner": "/Users/dylan/Documents/personal/weather-app-cra/node_modules/jest-circus/runner.js",
        "transform": {
          "^.+\\.(js|jsx|mjs|cjs|ts|tsx)$": "<rootDir>/config/jest/babelTransform.js",
          "^.+\\.css$": "<rootDir>/config/jest/cssTransform.js",
          "^(?!.*\\.(js|jsx|mjs|cjs|ts|tsx|css|json)$)": "<rootDir>/config/jest/fileTransform.js"
        },
        "transformIgnorePatterns": [
          "[/\\\\]node_modules[/\\\\].+\\.(js|jsx|mjs|cjs|ts|tsx)$",
          "^.+\\.module\\.(css|sass|scss)$"
        ],
        "modulePaths": [],
        "moduleNameMapper": {
          "^react-native$": "react-native-web",
          "^.+\\.module\\.(css|sass|scss)$": "identity-obj-proxy"
        },
        "moduleFileExtensions": [
          "web.js",
          "js",
          "web.ts",
          "ts",
          "web.tsx",
          "tsx",
          "json",
          "web.jsx",
          "jsx",
          "node"
        ],
        "watchPlugins": [
          "jest-watch-typeahead/filename",
          "jest-watch-typeahead/testname"
        ],
        "resetMocks": true
      },
      "babel": {
        "presets": [
          "react-app"
        ]
      }
    },
    "prefix": "/Users/dylan/vault/weather-app"
  },
  "2 debug pnpm:context": {
    "currentLockfileExists": false,
    "storeDir": "/Users/dylan/Library/pnpm/store/v3",
    "virtualStoreDir": "/Users/dylan/vault/weather-app/node_modules/.pnpm"
  },
  "3 debug pnpm:stage": {
    "prefix": "/Users/dylan/vault/weather-app",
    "stage": "resolution_started"
  },
  "4 debug pnpm:_dependency_resolved": {
    "resolution": "registry.npmjs.org/@babel/core/7.12.3",
    "wanted": {
      "dependentId": ".",
      "name": "@babel/core",
      "rawSpec": "7.12.3"
    }
  },
  "5 debug pnpm:progress": {
    "packageId": "registry.npmjs.org/@babel/core/7.12.3",
    "requester": "/Users/dylan/vault/weather-app",
    "status": "resolved"
  },
  "6 debug pnpm:_dependency_resolved": {
    "resolution": "registry.npmjs.org/autoprefixer/9.8.8",
    "wanted": {
      "dependentId": ".",
      "name": "autoprefixer",
      "rawSpec": "^9.8.8"
    }
  },
  "7 debug pnpm:progress": {
    "packageId": "registry.npmjs.org/autoprefixer/9.8.8",
    "requester": "/Users/dylan/vault/weather-app",
    "status": "resolved"
  },
  "8 debug pnpm:_dependency_resolved": {
    "resolution": "registry.npmjs.org/@babel/plugin-proposal-nullish-coalescing-operator/7.17.12",
    "wanted": {
      "dependentId": ".",
      "name": "@babel/plugin-proposal-nullish-coalescing-operator",
      "rawSpec": "^7.14.5"
    }
  },
  "9 debug pnpm:progress": {
    "packageId": "registry.npmjs.org/@babel/plugin-proposal-nullish-coalescing-operator/7.17.12",
    "requester": "/Users/dylan/vault/weather-app",
    "status": "resolved"
  },
  "10 debug pnpm:_dependency_resolved": {
    "resolution": "registry.npmjs.org/postcss/7.0.39",
    "wanted": {
      "dependentId": ".",
      "name": "postcss",
      "rawSpec": "^7.0.39"
    }
  },
  "11 debug pnpm:progress": {
    "packageId": "registry.npmjs.org/postcss/7.0.39",
    "requester": "/Users/dylan/vault/weather-app",
    "status": "resolved"
  },
  "12 debug pnpm:_dependency_resolved": {
    "resolution": "registry.npmjs.org/@svgr/webpack/5.5.0",
    "wanted": {
      "dependentId": ".",
      "name": "@svgr/webpack",
      "rawSpec": "5.5.0"
    }
  },
  "13 debug pnpm:progress": {
    "packageId": "registry.npmjs.org/@svgr/webpack/5.5.0",
    "requester": "/Users/dylan/vault/weather-app",
    "status": "resolved"
  },
  "14 debug pnpm:_dependency_resolved": {
    "resolution": "registry.npmjs.org/@testing-library/react/11.2.7",
    "wanted": {
      "dependentId": ".",
      "name": "@testing-library/react",
      "rawSpec": "^11.2.7"
    }
  },
  "15 debug pnpm:progress": {
    "packageId": "registry.npmjs.org/@testing-library/react/11.2.7",
    "requester": "/Users/dylan/vault/weather-app",
    "status": "resolved"
  },
  "16 debug pnpm:_dependency_resolved": {
    "resolution": "registry.npmjs.org/@babel/preset-react/7.17.12",
    "wanted": {
      "dependentId": ".",
      "name": "@babel/preset-react",
      "rawSpec": "^7.14.5"
    }
  },
  "17 debug pnpm:progress": {
    "packageId": "registry.npmjs.org/@babel/preset-react/7.17.12",
    "requester": "/Users/dylan/vault/weather-app",
    "status": "resolved"
  },
  "18 debug pnpm:progress": {
    "packageId": "registry.npmjs.org/@babel/plugin-proposal-nullish-coalescing-operator/7.17.12",
    "requester": "/Users/dylan/vault/weather-app",
    "status": "found_in_store"
  },
  "19 debug pnpm:_dependency_resolved": {
    "resolution": "registry.npmjs.org/vite/2.9.12",
    "wanted": {
      "dependentId": ".",
      "name": "vite",
      "rawSpec": "latest"
    }
  },
  "20 debug pnpm:progress": {
    "packageId": "registry.npmjs.org/vite/2.9.12",
    "requester": "/Users/dylan/vault/weather-app",
    "status": "resolved"
  },
  "21 debug pnpm:fetching-progress": {
    "attempt": 1,
    "packageId": "registry.npmjs.org/@babel/core/7.12.3",
    "size": 37352,
    "status": "started"
  },
  "22 debug pnpm:_dependency_resolved": {
    "resolution": "registry.npmjs.org/axios/0.22.0",
    "wanted": {
      "dependentId": ".",
      "name": "axios",
      "rawSpec": "^0.22.0"
    }
  },
  "23 debug pnpm:progress": {
    "packageId": "registry.npmjs.org/axios/0.22.0",
    "requester": "/Users/dylan/vault/weather-app",
    "status": "resolved"
  },
  "24 debug pnpm:fetching-progress": {
    "attempt": 1,
    "packageId": "registry.npmjs.org/autoprefixer/9.8.8",
    "size": 51583,
    "status": "started"
  },
  "25 debug pnpm:_dependency_resolved": {
    "resolution": "registry.npmjs.org/babel-eslint/10.1.0",
    "wanted": {
      "dependentId": ".",
      "name": "babel-eslint",
      "rawSpec": "^10.1.0"
    }
  },
  "26 debug pnpm:deprecation": {
    "deprecated": "babel-eslint is now @babel/eslint-parser. This package will no longer receive updates.",
    "depth": 0,
    "pkgId": "registry.npmjs.org/babel-eslint/10.1.0",
    "pkgName": "babel-eslint",
    "pkgVersion": "10.1.0",
    "prefix": "/Users/dylan/vault/weather-app"
  },
  "27 debug pnpm:progress": {
    "packageId": "registry.npmjs.org/babel-eslint/10.1.0",
    "requester": "/Users/dylan/vault/weather-app",
    "status": "resolved"
  },
  "28 debug pnpm:fetching-progress": {
    "attempt": 1,
    "packageId": "registry.npmjs.org/postcss/7.0.39",
    "size": 156883,
    "status": "started"
  },
  "29 debug pnpm:progress": {
    "packageId": "registry.npmjs.org/@babel/preset-react/7.17.12",
    "requester": "/Users/dylan/vault/weather-app",
    "status": "found_in_store"
  },
  "30 debug pnpm:progress": {
    "packageId": "registry.npmjs.org/vite/2.9.12",
    "requester": "/Users/dylan/vault/weather-app",
    "status": "found_in_store"
  },
  "31 debug pnpm:fetching-progress": {
    "attempt": 1,
    "packageId": "registry.npmjs.org/@svgr/webpack/5.5.0",
    "size": 4520,
    "status": "started"
  },
  "32 debug pnpm:progress": {
    "packageId": "registry.npmjs.org/babel-eslint/10.1.0",
    "requester": "/Users/dylan/vault/weather-app",
    "status": "found_in_store"
  },
  "33 debug pnpm:progress": {
    "packageId": "registry.npmjs.org/@svgr/webpack/5.5.0",
    "requester": "/Users/dylan/vault/weather-app",
    "status": "fetched"
  },
  "34 debug pnpm:progress": {
    "packageId": "registry.npmjs.org/@babel/core/7.12.3",
    "requester": "/Users/dylan/vault/weather-app",
    "status": "fetched"
  },
  "35 debug pnpm:progress": {
    "packageId": "registry.npmjs.org/autoprefixer/9.8.8",
    "requester": "/Users/dylan/vault/weather-app",
    "status": "fetched"
  },
  "36 debug pnpm:fetching-progress": {
    "attempt": 1,
    "packageId": "registry.npmjs.org/axios/0.22.0",
    "size": 102597,
    "status": "started"
  },
  "37 debug pnpm:fetching-progress": {
    "attempt": 1,
    "packageId": "registry.npmjs.org/@testing-library/react/11.2.7",
    "size": 1131584,
    "status": "started"
  },
  "38 debug pnpm:_dependency_resolved": {
    "resolution": "registry.npmjs.org/babel-preset-react-app/10.0.1",
    "wanted": {
      "dependentId": ".",
      "name": "babel-preset-react-app",
      "rawSpec": "^10.0.0"
    }
  },
  "39 debug pnpm:progress": {
    "packageId": "registry.npmjs.org/babel-preset-react-app/10.0.1",
    "requester": "/Users/dylan/vault/weather-app",
    "status": "resolved"
  },
  "40 debug pnpm:progress": {
    "packageId": "registry.npmjs.org/babel-preset-react-app/10.0.1",
    "requester": "/Users/dylan/vault/weather-app",
    "status": "found_in_store"
  },
  "41 debug pnpm:progress": {
    "packageId": "registry.npmjs.org/postcss/7.0.39",
    "requester": "/Users/dylan/vault/weather-app",
    "status": "fetched"
  },
  "42 debug pnpm:_dependency_resolved": {
    "resolution": "registry.npmjs.org/@testing-library/jest-dom/5.16.4",
    "wanted": {
      "dependentId": ".",
      "name": "@testing-library/jest-dom",
      "rawSpec": "^5.14.1"
    }
  },
  "43 debug pnpm:progress": {
    "packageId": "registry.npmjs.org/@testing-library/jest-dom/5.16.4",
    "requester": "/Users/dylan/vault/weather-app",
    "status": "resolved"
  },
  "44 debug pnpm:_dependency_resolved": {
    "resolution": "registry.npmjs.org/bfj/7.0.2",
    "wanted": {
      "dependentId": ".",
      "name": "bfj",
      "rawSpec": "^7.0.2"
    }
  },
  "45 debug pnpm:progress": {
    "packageId": "registry.npmjs.org/bfj/7.0.2",
    "requester": "/Users/dylan/vault/weather-app",
    "status": "resolved"
  },
  "46 debug pnpm:_dependency_resolved": {
    "resolution": "registry.npmjs.org/case-sensitive-paths-webpack-plugin/2.3.0",
    "wanted": {
      "dependentId": ".",
      "name": "case-sensitive-paths-webpack-plugin",
      "rawSpec": "2.3.0"
    }
  },
  "47 debug pnpm:progress": {
    "packageId": "registry.npmjs.org/case-sensitive-paths-webpack-plugin/2.3.0",
    "requester": "/Users/dylan/vault/weather-app",
    "status": "resolved"
  },
  "48 debug pnpm:fetching-progress": {
    "attempt": 1,
    "packageId": "registry.npmjs.org/bfj/7.0.2",
    "size": 47833,
    "status": "started"
  },
  "49 debug pnpm:_dependency_resolved": {
    "resolution": "registry.npmjs.org/babel-plugin-named-asset-import/0.3.8",
    "wanted": {
      "dependentId": ".",
      "name": "babel-plugin-named-asset-import",
      "rawSpec": "^0.3.7"
    }
  },
  "50 debug pnpm:progress": {
    "packageId": "registry.npmjs.org/babel-plugin-named-asset-import/0.3.8",
    "requester": "/Users/dylan/vault/weather-app",
    "status": "resolved"
  },
  "51 debug pnpm:_dependency_resolved": {
    "resolution": "registry.npmjs.org/@tailwindcss/postcss7-compat/2.2.17",
    "wanted": {
      "dependentId": ".",
      "name": "tailwindcss",
      "rawSpec": "npm:@tailwindcss/postcss7-compat@^2.2.16"
    }
  },
  "52 debug pnpm:progress": {
    "packageId": "registry.npmjs.org/@tailwindcss/postcss7-compat/2.2.17",
    "requester": "/Users/dylan/vault/weather-app",
    "status": "resolved"
  },
  "53 debug pnpm:_dependency_resolved": {
    "resolution": "registry.npmjs.org/babel-jest/26.6.3",
    "wanted": {
      "dependentId": ".",
      "name": "babel-jest",
      "rawSpec": "^26.6.0"
    }
  },
  "54 debug pnpm:progress": {
    "packageId": "registry.npmjs.org/babel-jest/26.6.3",
    "requester": "/Users/dylan/vault/weather-app",
    "status": "resolved"
  },
  "55 debug pnpm:_dependency_resolved": {
    "resolution": "registry.npmjs.org/@typescript-eslint/eslint-plugin/4.33.0",
    "wanted": {
      "dependentId": ".",
      "name": "@typescript-eslint/eslint-plugin",
      "rawSpec": "^4.5.0"
    }
  },
  "56 debug pnpm:progress": {
    "packageId": "registry.npmjs.org/@typescript-eslint/eslint-plugin/4.33.0",
    "requester": "/Users/dylan/vault/weather-app",
    "status": "resolved"
  },
  "57 debug pnpm:_dependency_resolved": {
    "resolution": "registry.npmjs.org/camelcase/6.3.0",
    "wanted": {
      "dependentId": ".",
      "name": "camelcase",
      "rawSpec": "^6.1.0"
    }
  },
  "58 debug pnpm:progress": {
    "packageId": "registry.npmjs.org/camelcase/6.3.0",
    "requester": "/Users/dylan/vault/weather-app",
    "status": "resolved"
  },
  "59 debug pnpm:_dependency_resolved": {
    "resolution": "registry.npmjs.org/@typescript-eslint/parser/4.33.0",
    "wanted": {
      "dependentId": ".",
      "name": "@typescript-eslint/parser",
      "rawSpec": "^4.5.0"
    }
  },
  "60 debug pnpm:progress": {
    "packageId": "registry.npmjs.org/@typescript-eslint/parser/4.33.0",
    "requester": "/Users/dylan/vault/weather-app",
    "status": "resolved"
  },
  "61 debug pnpm:_dependency_resolved": {
    "resolution": "registry.npmjs.org/@craco/craco/6.4.3",
    "wanted": {
      "dependentId": ".",
      "name": "@craco/craco",
      "rawSpec": "^6.3.0"
    }
  },
  "62 debug pnpm:progress": {
    "packageId": "registry.npmjs.org/@craco/craco/6.4.3",
    "requester": "/Users/dylan/vault/weather-app",
    "status": "resolved"
  },
  "63 debug pnpm:fetching-progress": {
    "attempt": 1,
    "packageId": "registry.npmjs.org/case-sensitive-paths-webpack-plugin/2.3.0",
    "size": 6076,
    "status": "started"
  },
  "64 debug pnpm:fetching-progress": {
    "attempt": 1,
    "packageId": "registry.npmjs.org/babel-plugin-named-asset-import/0.3.8",
    "size": 1817,
    "status": "started"
  },
  "65 debug pnpm:_dependency_resolved": {
    "resolution": "registry.npmjs.org/@tailwindcss/forms/0.3.4",
    "wanted": {
      "dependentId": ".",
      "name": "@tailwindcss/forms",
      "rawSpec": "^0.3.4"
    }
  },
  "66 debug pnpm:progress": {
    "packageId": "registry.npmjs.org/@tailwindcss/forms/0.3.4",
    "requester": "/Users/dylan/vault/weather-app",
    "status": "resolved"
  },
  "67 debug pnpm:_dependency_resolved": {
    "resolution": "registry.npmjs.org/@pmmmwh/react-refresh-webpack-plugin/0.4.3",
    "wanted": {
      "dependentId": ".",
      "name": "@pmmmwh/react-refresh-webpack-plugin",
      "rawSpec": "0.4.3"
    }
  },
  "68 debug pnpm:progress": {
    "packageId": "registry.npmjs.org/@pmmmwh/react-refresh-webpack-plugin/0.4.3",
    "requester": "/Users/dylan/vault/weather-app",
    "status": "resolved"
  },
  "69 error pnpm": {
    "code": "ERR_PNPM_FETCH_404",
    "hint": "@vite/react-plugin is not in the npm registry, or you have no permission to fetch it.\n\nNo authorization header was set for the request.",
    "request": {
      "url": "https://registry.npmjs.org/@vite%2Freact-plugin"
    },
    "response": {
      "size": 0
    },
    "pkgName": "@vite/react-plugin",
    "spec": {
      "fetchSpec": "latest",
      "name": "@vite/react-plugin",
      "type": "tag"
    },
    "pkgsStack": [],
    "err": {
      "name": "pnpm",
      "message": "GET https://registry.npmjs.org/@vite%2Freact-plugin: Not Found - 404",
      "code": "ERR_PNPM_FETCH_404",
      "stack": "pnpm: GET https://registry.npmjs.org/@vite%2Freact-plugin: Not Found - 404\n    at RetryOperation._fn (/Users/dylan/.nvm/versions/node/v16.9.1/pnpm-global/5/node_modules/.pnpm/pnpm@7.0.1/node_modules/pnpm/dist/pnpm.cjs:84258:19)\n    at runMicrotasks (<anonymous>)\n    at processTicksAndRejections (node:internal/process/task_queues:96:5)"
    }
  },
  "70 debug pnpm:fetching-progress": {
    "attempt": 1,
    "packageId": "registry.npmjs.org/@testing-library/jest-dom/5.16.4",
    "size": 27349,
    "status": "started"
  }
}